<?xml version="1.0" encoding="UTF-8"?>
<!-- Generated by org.testng.reporters.JUnitXMLReporter -->
<testsuite ignored="1" hostname="DESKTOP-TSIB13E" failures="0" tests="7" name="Car Loan" time="0.03" errors="0" timestamp="2024-12-29T11:55:36 IST">
  <testcase classname="testngTutorial.Test3" name="mobileLoginHomeLoan" time="0.002"/>
  <testcase classname="testngTutorial.Test3" name="mobileSigninHomeLoan" time="0.001"/>
  <testcase classname="testngTutorial.Test3" name="mobileSignoutHomeLoan" time="0.001"/>
  <testcase classname="testngTutorial.Test3" name="webLoginHomeLoan" time="0.002"/>
  <testcase classname="testngTutorial.Test4" name="apiLoginCarLoan" time="0.001"/>
  <testcase classname="testngTutorial.Test4" name="mobileLoginCarLoan" time="0.002"/>
  <testcase classname="testngTutorial.Test4" name="webLoginCarLoan" time="0.001"/>
  <testcase classname="testngTutorial.Test3" name="apiLoginHomeLoan" time="0.0">
    <ignored/>
  </testcase> <!-- apiLoginHomeLoan -->
</testsuite> <!-- Car Loan -->
