<?xml version="1.0" encoding="UTF-8"?>
<!-- Generated by org.testng.reporters.JUnitXMLReporter -->
<testsuite ignored="1" hostname="DESKTOP-TSIB13E" failures="1" tests="12" name="Home Loan" time="0.091" errors="0" timestamp="2024-12-29T19:43:43 IST">
  <testcase classname="testngTutorial.Test3" name="mobileLoginHomeLoan" time="0.013"/>
  <testcase classname="testngTutorial.Test1" name="Demo" time="0.016">
    <failure type="java.lang.AssertionError" message="expected [true] but found [false]">
      <![CDATA[java.lang.AssertionError: expected [true] but found [false]
at testngTutorial.Test1.Demo(Test1.java:26)
at java.base/java.util.ArrayList.forEach(ArrayList.java:1596)
at java.base/java.util.concurrent.FutureTask.run(FutureTask.java:317)
at java.base/java.util.concurrent.ThreadPoolExecutor.runWorker(ThreadPoolExecutor.java:1144)
at java.base/java.util.concurrent.ThreadPoolExecutor$Worker.run(ThreadPoolExecutor.java:642)
at java.base/java.lang.Thread.run(Thread.java:1583)
... Removed 20 stack frames]]>
    </failure>
  </testcase> <!-- Demo -->
  <testcase classname="testngTutorial.Test3" name="mobileLoginHomeLoan" time="0.002"/>
  <testcase classname="testngTutorial.Test3" name="mobileLoginHomeLoan" time="0.001"/>
  <testcase classname="testngTutorial.Test1" name="Demo1" time="0.003"/>
  <testcase classname="testngTutorial.Test3" name="mobileSigninHomeLoan" time="0.001"/>
  <testcase classname="testngTutorial.Test3" name="mobileSignoutHomeLoan" time="0.003"/>
  <testcase classname="testngTutorial.Test2" name="Demo3" time="0.003"/>
  <testcase classname="testngTutorial.Test3" name="webLoginHomeLoan" time="0.003"/>
  <testcase classname="testngTutorial.Test4" name="apiLoginCarLoan" time="0.001"/>
  <testcase classname="testngTutorial.Test4" name="mobileLoginCarLoan" time="0.001"/>
  <testcase classname="testngTutorial.Test4" name="webLoginCarLoan" time="0.001"/>
  <testcase classname="testngTutorial.Test3" name="apiLoginHomeLoan" time="0.0">
    <ignored/>
  </testcase> <!-- apiLoginHomeLoan -->
</testsuite> <!-- Home Loan -->
